{
  "stats": {
    "suites": 1,
    "tests": 1,
    "passes": 1,
    "pending": 0,
    "failures": 0,
    "start": "2023-06-26T07:25:59.648Z",
    "end": "2023-06-26T07:25:59.722Z",
    "duration": 74,
    "testsRegistered": 1,
    "passPercent": 100,
    "pendingPercent": 0,
    "other": 0,
    "hasOther": false,
    "skipped": 0,
    "hasSkipped": false
  },
  "results": [
    {
      "uuid": "3d6fd5c9-9a41-41cc-9641-831d4e1f4b13",
      "title": "",
      "fullFile": "",
      "file": "",
      "beforeHooks": [],
      "afterHooks": [],
      "tests": [],
      "suites": [
        {
          "uuid": "d5708dd8-2c51-4c88-8b4b-9aab866b457e",
          "title": "GET /users",
          "fullFile": "/Users/MacBook/Desktop/Mayank_RCT-015/project-META/simple-web-app/server/test/integration/index.js",
          "file": "/test/integration/index.js",
          "beforeHooks": [],
          "afterHooks": [],
          "tests": [
            {
              "title": "Should display a list of users, fetched from db",
              "fullTitle": "GET /users Should display a list of users, fetched from db",
              "timedOut": false,
              "duration": 65,
              "state": "passed",
              "speed": "medium",
              "pass": true,
              "fail": false,
              "pending": false,
              "context": null,
              "code": "_chai.default.request(_index.default).get(\"/users\").then(res => {\n  (0, _chai.expect)(res).to.be.html;\n  res.text.should.match(/<h1.*>Users<\\/h1>/g);\n  res.text.should.match(/<h3.*>.*<\\/h3>/g);\n  done();\n}).catch(err => {\n  done(err);\n});",
              "err": {},
              "uuid": "72962248-f351-40c5-afdd-eac4529093b3",
              "parentUUID": "d5708dd8-2c51-4c88-8b4b-9aab866b457e",
              "isHook": false,
              "skipped": false
            }
          ],
          "suites": [],
          "passes": [
            "72962248-f351-40c5-afdd-eac4529093b3"
          ],
          "failures": [],
          "pending": [],
          "skipped": [],
          "duration": 65,
          "root": false,
          "rootEmpty": false,
          "_timeout": 10000
        }
      ],
      "passes": [],
      "failures": [],
      "pending": [],
      "skipped": [],
      "duration": 0,
      "root": true,
      "rootEmpty": true,
      "_timeout": 10000
    }
  ],
  "meta": {
    "mocha": {
      "version": "8.3.2"
    },
    "mochawesome": {
      "options": {
        "quiet": false,
        "reportFilename": "mochawesome",
        "saveHtml": true,
        "saveJson": true,
        "consoleReporter": "spec",
        "useInlineDiffs": false,
        "code": true
      },
      "version": "6.2.2"
    },
    "marge": {
      "options": null,
      "version": "5.2.0"
    }
  }
}